2020-07-04 16:46:25,232 [Worker-6] INFO  o.e.m.c.i.l.LifecycleMappingFactory - Using org.maven.ide.eclipse.wtp.WarLifecycleMapping lifecycle mapping for MavenProject: com.jt.logserver:jt-logserver:0.0.1-SNAPSHOT @ E:\bigdata\logs\jt-logserver\jt-logserver\pom.xml.
2020-07-04 16:46:28,225 [Worker-6] INFO  o.e.m.j.i.AbstractJavaProjectConfigurator - Adding source folder /jt-logserver/src/main/java
2020-07-04 16:46:28,226 [Worker-6] INFO  o.e.m.j.i.AbstractJavaProjectConfigurator - Adding resource folder /jt-logserver/src/main/resources
2020-07-04 16:46:28,226 [Worker-6] INFO  o.e.m.j.i.AbstractJavaProjectConfigurator - Adding source folder /jt-logserver/src/test/java
2020-07-04 16:46:30,405 [Worker-6] INFO  o.e.m.c.i.p.ProjectConfigurationManager - Imported and configured 1 project(s) in 6 sec
2020-07-04 16:46:31,914 [Worker-6] WARN  o.e.m.c.i.embedder.EclipseLogger - Using platform encoding (GBK actually) to copy filtered resources, i.e. build is platform dependent!
2020-07-04 16:46:31,916 [Worker-6] INFO  o.e.m.c.i.embedder.EclipseLogger - Copying 1 resource
2020-07-04 16:46:31,923 [Worker-6] WARN  o.e.m.c.i.embedder.EclipseLogger - Using platform encoding (GBK actually) to copy filtered resources, i.e. build is platform dependent!
2020-07-04 16:46:31,924 [Worker-6] INFO  o.e.m.c.i.embedder.EclipseLogger - skip non existing resourceDirectory E:\bigdata\logs\jt-logserver\jt-logserver\src\test\resources
2020-07-04 16:47:48,769 [main] INFO  o.e.m2e.actions.ExecutePomAction - Creating new launch configuration
2020-07-04 16:49:03,882 [Worker-6] INFO  o.e.m.i.launch.MavenLaunchDelegate - E:\bigdata\logs\jt-logserver\jt-logserver
2020-07-04 16:49:03,883 [Worker-6] INFO  o.e.m.i.launch.MavenLaunchDelegate -  mvn  -B -s D:\CODE1909WS_web\apache-maven-3.5.3\conf\settings.xml tomcat7:run
2020-07-04 16:52:43,076 [Worker-9] INFO  o.e.m.c.i.l.LifecycleMappingFactory - Using org.maven.ide.eclipse.wtp.WarLifecycleMapping lifecycle mapping for MavenProject: com.jt.logserver:jt-logserver:0.0.1-SNAPSHOT @ E:\bigdata\logs\jt-logserver\jt-logserver\pom.xml.
2020-07-04 16:52:44,585 [Worker-9] WARN  o.e.m.c.i.embedder.EclipseLogger - Using platform encoding (GBK actually) to copy filtered resources, i.e. build is platform dependent!
2020-07-04 16:52:44,586 [Worker-9] INFO  o.e.m.c.i.embedder.EclipseLogger - Copying 0 resource
2020-07-04 16:52:44,588 [Worker-9] WARN  o.e.m.c.i.embedder.EclipseLogger - Using platform encoding (GBK actually) to copy filtered resources, i.e. build is platform dependent!
2020-07-04 16:52:44,589 [Worker-9] INFO  o.e.m.c.i.embedder.EclipseLogger - skip non existing resourceDirectory E:\bigdata\logs\jt-logserver\jt-logserver\src\test\resources
2020-07-04 16:52:44,590 [Worker-9] INFO  o.e.m.w.i.f.ResourceFilteringBuildParticipant - Changed resources require a complete clean of filtered resources of jt-logserver
2020-07-04 16:52:44,590 [Worker-9] INFO  o.e.m.w.i.f.ResourceFilteringBuildParticipant - Executing resource filtering for jt-logserver
2020-07-04 16:52:44,594 [Worker-9] WARN  o.e.m.c.i.embedder.EclipseLogger - Using platform encoding (GBK actually) to copy filtered resources, i.e. build is platform dependent!
2020-07-04 16:54:09,236 [Worker-10] INFO  o.e.m.c.i.p.ProjectConfigurationManager - Update started
2020-07-04 16:54:09,650 [Worker-10] INFO  o.e.m.c.i.l.LifecycleMappingFactory - Using org.maven.ide.eclipse.wtp.WarLifecycleMapping lifecycle mapping for MavenProject: com.jt.logserver:jt-logserver:0.0.1-SNAPSHOT @ E:\bigdata\logs\jt-logserver\jt-logserver\pom.xml.
2020-07-04 16:54:11,103 [Worker-10] INFO  o.e.m.j.i.AbstractJavaProjectConfigurator - Adding source folder /jt-logserver/src/main/java
2020-07-04 16:54:11,103 [Worker-10] INFO  o.e.m.j.i.AbstractJavaProjectConfigurator - Adding resource folder /jt-logserver/src/main/resources
2020-07-04 16:54:11,104 [Worker-10] INFO  o.e.m.j.i.AbstractJavaProjectConfigurator - Adding source folder /jt-logserver/src/test/java
2020-07-04 16:54:11,833 [Worker-10] INFO  o.e.m.w.i.f.ResourceFilteringBuildParticipant - Cleaning filtered folder for jt-logserver
2020-07-04 16:54:11,843 [Worker-10] INFO  o.e.m.c.i.p.ProjectConfigurationManager - Update completed: 2 sec
2020-07-04 16:54:12,863 [Worker-10] WARN  o.e.m.c.i.embedder.EclipseLogger - Using platform encoding (GBK actually) to copy filtered resources, i.e. build is platform dependent!
2020-07-04 16:54:12,864 [Worker-10] INFO  o.e.m.c.i.embedder.EclipseLogger - Copying 1 resource
2020-07-04 16:54:12,871 [Worker-10] WARN  o.e.m.c.i.embedder.EclipseLogger - Using platform encoding (GBK actually) to copy filtered resources, i.e. build is platform dependent!
2020-07-04 16:54:12,872 [Worker-10] INFO  o.e.m.c.i.embedder.EclipseLogger - skip non existing resourceDirectory E:\bigdata\logs\jt-logserver\jt-logserver\src\test\resources
2020-07-04 16:54:12,872 [Worker-10] INFO  o.e.m.w.i.f.ResourceFilteringBuildParticipant - Changed resources require a complete clean of filtered resources of jt-logserver
2020-07-04 16:54:12,872 [Worker-10] INFO  o.e.m.w.i.f.ResourceFilteringBuildParticipant - Executing resource filtering for jt-logserver
2020-07-04 16:54:12,875 [Worker-10] WARN  o.e.m.c.i.embedder.EclipseLogger - Using platform encoding (GBK actually) to copy filtered resources, i.e. build is platform dependent!
2020-07-04 17:11:39,267 [Worker-23] INFO  o.e.m.i.launch.MavenLaunchDelegate - E:\bigdata\logs\jt-logserver\jt-logserver
2020-07-04 17:11:39,268 [Worker-23] INFO  o.e.m.i.launch.MavenLaunchDelegate -  mvn  -B -s D:\CODE1909WS_web\apache-maven-3.5.3\conf\settings.xml tomcat7:run
2020-07-04 17:12:33,241 [Worker-23] INFO  o.e.m.i.launch.MavenLaunchDelegate - E:\bigdata\logs\jt-logserver\jt-logserver
2020-07-04 17:12:33,242 [Worker-23] INFO  o.e.m.i.launch.MavenLaunchDelegate -  mvn  -B -s D:\CODE1909WS_web\apache-maven-3.5.3\conf\settings.xml tomcat7:run
2020-07-04 17:43:25,239 [Worker-26] WARN  o.e.m.c.i.embedder.EclipseLogger - Using platform encoding (GBK actually) to copy filtered resources, i.e. build is platform dependent!
2020-07-04 17:43:25,259 [Worker-26] INFO  o.e.m.c.i.embedder.EclipseLogger - Copying 0 resource
2020-07-04 17:43:25,260 [Worker-26] WARN  o.e.m.c.i.embedder.EclipseLogger - Using platform encoding (GBK actually) to copy filtered resources, i.e. build is platform dependent!
2020-07-04 17:43:25,261 [Worker-26] INFO  o.e.m.c.i.embedder.EclipseLogger - skip non existing resourceDirectory E:\bigdata\logs\jt-logserver\jt-logserver\src\test\resources
2020-07-04 17:46:05,213 [Worker-26] WARN  o.e.m.c.i.embedder.EclipseLogger - Using platform encoding (GBK actually) to copy filtered resources, i.e. build is platform dependent!
2020-07-04 17:46:05,214 [Worker-26] INFO  o.e.m.c.i.embedder.EclipseLogger - skip non existing resourceDirectory E:\bigdata\logs\jt-logserver\jt-logserver\src\main\resources
2020-07-04 17:46:05,215 [Worker-26] WARN  o.e.m.c.i.embedder.EclipseLogger - Using platform encoding (GBK actually) to copy filtered resources, i.e. build is platform dependent!
2020-07-04 17:46:05,216 [Worker-26] INFO  o.e.m.c.i.embedder.EclipseLogger - skip non existing resourceDirectory E:\bigdata\logs\jt-logserver\jt-logserver\src\test\resources
2020-07-04 17:46:05,216 [Worker-26] INFO  o.e.m.w.i.f.ResourceFilteringBuildParticipant - Changed resources require a complete clean of filtered resources of jt-logserver
2020-07-04 17:46:05,216 [Worker-26] INFO  o.e.m.w.i.f.ResourceFilteringBuildParticipant - Executing resource filtering for jt-logserver
2020-07-04 17:46:05,235 [Worker-26] WARN  o.e.m.c.i.embedder.EclipseLogger - Using platform encoding (GBK actually) to copy filtered resources, i.e. build is platform dependent!
2020-07-04 17:46:06,327 [Worker-26] WARN  o.e.m.c.i.embedder.EclipseLogger - Using platform encoding (GBK actually) to copy filtered resources, i.e. build is platform dependent!
2020-07-04 17:46:06,328 [Worker-26] INFO  o.e.m.c.i.embedder.EclipseLogger - skip non existing resourceDirectory E:\bigdata\logs\jt-logserver\jt-logserver\src\main\resources
2020-07-04 17:46:06,329 [Worker-26] WARN  o.e.m.c.i.embedder.EclipseLogger - Using platform encoding (GBK actually) to copy filtered resources, i.e. build is platform dependent!
2020-07-04 17:46:06,330 [Worker-26] INFO  o.e.m.c.i.embedder.EclipseLogger - skip non existing resourceDirectory E:\bigdata\logs\jt-logserver\jt-logserver\src\test\resources
2020-07-08 11:43:34,155 [Worker-16] WARN  o.e.m.c.i.embedder.EclipseLogger - Using platform encoding (GBK actually) to copy filtered resources, i.e. build is platform dependent!
2020-07-08 11:43:34,195 [Worker-16] INFO  o.e.m.c.i.embedder.EclipseLogger - Copying 1 resource
2020-07-08 11:43:34,202 [Worker-16] WARN  o.e.m.c.i.embedder.EclipseLogger - Using platform encoding (GBK actually) to copy filtered resources, i.e. build is platform dependent!
2020-07-08 11:43:34,203 [Worker-16] INFO  o.e.m.c.i.embedder.EclipseLogger - skip non existing resourceDirectory E:\eclipse\git\jt-logserver\src\test\resources
2020-07-08 11:49:41,875 [Worker-1] INFO  o.e.m.i.launch.MavenLaunchDelegate - E:\eclipse\git\jt-logserver
2020-07-08 11:49:41,887 [Worker-1] INFO  o.e.m.i.launch.MavenLaunchDelegate -  mvn  -B -s D:\CODE1909WS_web\apache-maven-3.5.3\conf\settings.xml tomcat7:run
2020-07-08 14:51:24,896 [Worker-68] WARN  o.e.m.c.i.embedder.EclipseLogger - Using platform encoding (GBK actually) to copy filtered resources, i.e. build is platform dependent!
2020-07-08 14:51:24,900 [Worker-68] INFO  o.e.m.c.i.embedder.EclipseLogger - Copying 1 resource
2020-07-08 14:51:24,902 [Worker-68] WARN  o.e.m.c.i.embedder.EclipseLogger - Using platform encoding (GBK actually) to copy filtered resources, i.e. build is platform dependent!
2020-07-08 14:51:24,902 [Worker-68] INFO  o.e.m.c.i.embedder.EclipseLogger - skip non existing resourceDirectory E:\eclipse\git\jt-logserver\src\test\resources
2020-07-08 14:51:46,950 [Worker-55] WARN  o.e.r.models.ModelRepository - Failed to download org.eclipse.recommenders:index::zip:0.0.0
org.eclipse.aether.resolution.ArtifactResolutionException: Could not find artifact org.eclipse.recommenders:index:zip:0.0.0-SNAPSHOT in models (http://download.eclipse.org/recommenders/models/mars/)
	at org.eclipse.aether.internal.impl.DefaultArtifactResolver.resolve(DefaultArtifactResolver.java:444) ~[na:na]
	at org.eclipse.aether.internal.impl.DefaultArtifactResolver.resolveArtifacts(DefaultArtifactResolver.java:246) ~[na:na]
	at org.eclipse.aether.internal.impl.DefaultArtifactResolver.resolveArtifact(DefaultArtifactResolver.java:223) ~[na:na]
	at org.eclipse.aether.internal.impl.DefaultRepositorySystem.resolveArtifact(DefaultRepositorySystem.java:294) ~[na:na]
	at org.eclipse.recommenders.models.ModelRepository.resolveInternal(ModelRepository.java:192) [org.eclipse.recommenders.models_2.3.0.v20160216-1255.jar:na]
	at org.eclipse.recommenders.models.ModelRepository.resolve(ModelRepository.java:174) [org.eclipse.recommenders.models_2.3.0.v20160216-1255.jar:na]
	at org.eclipse.recommenders.internal.models.rcp.EclipseModelRepository.resolve(EclipseModelRepository.java:165) [org.eclipse.recommenders.models.rcp_2.3.0.v20160216-1255.jar:na]
	at org.eclipse.recommenders.internal.models.rcp.DownloadModelArchiveJob.run(DownloadModelArchiveJob.java:76) [org.eclipse.recommenders.models.rcp_2.3.0.v20160216-1255.jar:na]
	at org.eclipse.core.internal.jobs.Worker.run(Worker.java:55) [org.eclipse.core.jobs_3.7.0.v20150330-2103.jar:na]
Caused by: org.eclipse.aether.transfer.ArtifactNotFoundException: Could not find artifact org.eclipse.recommenders:index:zip:0.0.0-SNAPSHOT in models (http://download.eclipse.org/recommenders/models/mars/)
	at org.eclipse.aether.connector.basic.ArtifactTransportListener.transferFailed(ArtifactTransportListener.java:39) ~[org.eclipse.aether.connector.basic_1.0.1.v20141111.jar:na]
	at org.eclipse.aether.connector.basic.BasicRepositoryConnector$TaskRunner.run(BasicRepositoryConnector.java:355) ~[org.eclipse.aether.connector.basic_1.0.1.v20141111.jar:na]
	at org.eclipse.aether.util.concurrency.RunnableErrorForwarder$1.run(RunnableErrorForwarder.java:67) ~[na:na]
	at org.eclipse.aether.connector.basic.BasicRepositoryConnector$DirectExecutor.execute(BasicRepositoryConnector.java:581) ~[org.eclipse.aether.connector.basic_1.0.1.v20141111.jar:na]
	at org.eclipse.aether.connector.basic.BasicRepositoryConnector.get(BasicRepositoryConnector.java:249) ~[org.eclipse.aether.connector.basic_1.0.1.v20141111.jar:na]
	at org.eclipse.aether.internal.impl.DefaultArtifactResolver.performDownloads(DefaultArtifactResolver.java:520) ~[na:na]
	at org.eclipse.aether.internal.impl.DefaultArtifactResolver.resolve(DefaultArtifactResolver.java:421) ~[na:na]
	... 8 common frames omitted
2020-07-08 14:55:47,918 [Worker-59] WARN  o.e.m.c.i.embedder.EclipseLogger - Using platform encoding (GBK actually) to copy filtered resources, i.e. build is platform dependent!
2020-07-08 14:55:47,919 [Worker-59] INFO  o.e.m.c.i.embedder.EclipseLogger - Copying 1 resource
2020-07-08 14:55:47,920 [Worker-59] WARN  o.e.m.c.i.embedder.EclipseLogger - Using platform encoding (GBK actually) to copy filtered resources, i.e. build is platform dependent!
2020-07-08 14:55:47,920 [Worker-59] INFO  o.e.m.c.i.embedder.EclipseLogger - skip non existing resourceDirectory E:\eclipse\git\jt-logserver\src\test\resources
2020-07-08 14:56:09,802 [Worker-55] WARN  o.e.m.c.i.embedder.EclipseLogger - Using platform encoding (GBK actually) to copy filtered resources, i.e. build is platform dependent!
2020-07-08 14:56:09,803 [Worker-55] INFO  o.e.m.c.i.embedder.EclipseLogger - Copying 1 resource
2020-07-08 14:56:09,804 [Worker-55] WARN  o.e.m.c.i.embedder.EclipseLogger - Using platform encoding (GBK actually) to copy filtered resources, i.e. build is platform dependent!
2020-07-08 14:56:09,804 [Worker-55] INFO  o.e.m.c.i.embedder.EclipseLogger - skip non existing resourceDirectory E:\eclipse\git\jt-logserver\src\test\resources
2020-07-08 14:56:12,977 [Worker-69] WARN  o.e.m.c.i.embedder.EclipseLogger - Using platform encoding (GBK actually) to copy filtered resources, i.e. build is platform dependent!
2020-07-08 14:56:12,978 [Worker-69] INFO  o.e.m.c.i.embedder.EclipseLogger - Copying 1 resource
2020-07-08 14:56:12,979 [Worker-69] WARN  o.e.m.c.i.embedder.EclipseLogger - Using platform encoding (GBK actually) to copy filtered resources, i.e. build is platform dependent!
2020-07-08 14:56:12,979 [Worker-69] INFO  o.e.m.c.i.embedder.EclipseLogger - skip non existing resourceDirectory E:\eclipse\git\jt-logserver\src\test\resources
2020-07-10 17:44:12,808 [Worker-3] INFO  o.e.m.i.launch.MavenLaunchDelegate - E:\eclipse\git\jt-logserver
2020-07-10 17:44:12,820 [Worker-3] INFO  o.e.m.i.launch.MavenLaunchDelegate -  mvn  -B -s D:\CODE1909WS_web\apache-maven-3.5.3\conf\settings.xml tomcat7:run
2020-07-11 10:19:13,557 [Worker-16] INFO  o.e.m.i.launch.MavenLaunchDelegate - E:\eclipse\git\jt-logserver
2020-07-11 10:19:13,569 [Worker-16] INFO  o.e.m.i.launch.MavenLaunchDelegate -  mvn  -B -s D:\CODE1909WS_web\apache-maven-3.5.3\conf\settings.xml tomcat7:run
2020-07-11 11:21:43,287 [Worker-31] WARN  o.e.m.c.i.embedder.EclipseLogger - Using platform encoding (GBK actually) to copy filtered resources, i.e. build is platform dependent!
2020-07-11 11:21:43,289 [Worker-31] INFO  o.e.m.c.i.embedder.EclipseLogger - Copying 1 resource
2020-07-11 11:21:43,296 [Worker-31] WARN  o.e.m.c.i.embedder.EclipseLogger - Using platform encoding (GBK actually) to copy filtered resources, i.e. build is platform dependent!
2020-07-11 11:21:43,297 [Worker-31] INFO  o.e.m.c.i.embedder.EclipseLogger - skip non existing resourceDirectory E:\eclipse\git\jt-logserver\src\test\resources
2020-07-11 11:23:54,607 [Worker-31] WARN  o.e.m.c.i.embedder.EclipseLogger - Using platform encoding (GBK actually) to copy filtered resources, i.e. build is platform dependent!
2020-07-11 11:23:54,609 [Worker-31] INFO  o.e.m.c.i.embedder.EclipseLogger - Copying 0 resource
2020-07-11 11:23:54,610 [Worker-31] WARN  o.e.m.c.i.embedder.EclipseLogger - Using platform encoding (GBK actually) to copy filtered resources, i.e. build is platform dependent!
2020-07-11 11:23:54,610 [Worker-31] INFO  o.e.m.c.i.embedder.EclipseLogger - skip non existing resourceDirectory E:\eclipse\git\jt-logserver\src\test\resources
2020-07-11 11:24:07,666 [Worker-38] INFO  o.e.m.i.launch.MavenLaunchDelegate - E:\eclipse\git\jt-logserver
2020-07-11 11:24:07,666 [Worker-38] INFO  o.e.m.i.launch.MavenLaunchDelegate -  mvn  -B -s D:\CODE1909WS_web\apache-maven-3.5.3\conf\settings.xml tomcat7:run
